<?xml version="1.0" encoding="UTF-8"?>
<!-- Generated by org.testng.reporters.JUnitReportReporter -->
<testsuite hostname="LAPTOP-P9JD4TBK" failures="0" tests="1" name="testonswaglab.loginpagetest" time="0.755" errors="0" timestamp="2022-11-01T05:33:49 IST" skipped="0">
  <testcase classname="testonswaglab.loginpagetest" name="loginwithvalidcredentials" time="0.755"/>
  <system-out/>
</testsuite> <!-- testonswaglab.loginpagetest -->
