<?xml version="1.0" encoding="UTF-8"?>
<!-- Generated by org.testng.reporters.JUnitReportReporter -->
<testsuite hostname="LAPTOP-P9JD4TBK" failures="0" tests="1" name="swagLabTest" time="0.677" errors="0" timestamp="2022-11-01T04:04:29 IST" skipped="0">
  <testcase classname="swagLabTest" name="loginwithvalidcredentials" time="0.677"/>
  <system-out/>
</testsuite> <!-- swagLabTest -->
